Using pre-set license
Built from '2021.3/staging' branch; Version is '2021.3.24f1 (cf10dcf7010d) revision 13570268'; Using compiler version '192829333'; Build Type 'Release'
OS: 'Windows 11  (10.0.22621) 64bit Core' Language: 'it' Physical Memory: 7894 MB
BatchMode: 1, IsHumanControllingUs: 0, StartBugReporterOnCrash: 0, Is64bit: 1, IsPro: 1

COMMAND LINE ARGUMENTS:
C:\Program Files\Unity\Hub\Editor\2021.3.24f1\Editor\Unity.exe
-adb2
-batchMode
-noUpm
-name
AssetImportWorker0
-projectPath
C:/Users/franc/cyber-quest/Cyber Quest
-logFile
Logs/AssetImportWorker0.log
-srvPort
55926
Successfully changed project path to: C:/Users/franc/cyber-quest/Cyber Quest
C:/Users/franc/cyber-quest/Cyber Quest
[UnityMemory] Configuration Parameters - Can be set up in boot.config
    "memorysetup-bucket-allocator-granularity=16"
    "memorysetup-bucket-allocator-bucket-count=8"
    "memorysetup-bucket-allocator-block-size=33554432"
    "memorysetup-bucket-allocator-block-count=8"
    "memorysetup-main-allocator-block-size=16777216"
    "memorysetup-thread-allocator-block-size=16777216"
    "memorysetup-gfx-main-allocator-block-size=16777216"
    "memorysetup-gfx-thread-allocator-block-size=16777216"
    "memorysetup-cache-allocator-block-size=4194304"
    "memorysetup-typetree-allocator-block-size=2097152"
    "memorysetup-profiler-bucket-allocator-granularity=16"
    "memorysetup-profiler-bucket-allocator-bucket-count=8"
    "memorysetup-profiler-bucket-allocator-block-size=33554432"
    "memorysetup-profiler-bucket-allocator-block-count=8"
    "memorysetup-profiler-allocator-block-size=16777216"
    "memorysetup-profiler-editor-allocator-block-size=1048576"
    "memorysetup-temp-allocator-size-main=16777216"
    "memorysetup-job-temp-allocator-block-size=2097152"
    "memorysetup-job-temp-allocator-block-size-background=1048576"
    "memorysetup-job-temp-allocator-reduction-small-platforms=262144"
    "memorysetup-temp-allocator-size-background-worker=32768"
    "memorysetup-temp-allocator-size-job-worker=262144"
    "memorysetup-temp-allocator-size-preload-manager=33554432"
    "memorysetup-temp-allocator-size-nav-mesh-worker=65536"
    "memorysetup-temp-allocator-size-audio-worker=65536"
    "memorysetup-temp-allocator-size-cloud-worker=32768"
    "memorysetup-temp-allocator-size-gi-baking-worker=262144"
    "memorysetup-temp-allocator-size-gfx=262144"
Player connection [3152] Host "[IP] 192.168.1.54 [Port] 0 [Flags] 2 [Guid] 942506164 [EditorId] 942506164 [Version] 1048832 [Id] WindowsEditor(7,MSI) [Debug] 1 [PackageName] WindowsEditor [ProjectName] Editor" joined multi-casting on [225.0.0.222:54997]...

Player connection [3152] Host "[IP] 192.168.1.54 [Port] 0 [Flags] 2 [Guid] 942506164 [EditorId] 942506164 [Version] 1048832 [Id] WindowsEditor(7,MSI) [Debug] 1 [PackageName] WindowsEditor [ProjectName] Editor" joined alternative multi-casting on [225.0.0.222:34997]...

Refreshing native plugins compatible for Editor in 78.10 ms, found 3 plugins.
Preloading 0 native plugins for Editor in 0.00 ms.
Initialize engine version: 2021.3.24f1 (cf10dcf7010d)
[Subsystems] Discovering subsystems at path C:/Program Files/Unity/Hub/Editor/2021.3.24f1/Editor/Data/Resources/UnitySubsystems
[Subsystems] Discovering subsystems at path C:/Users/franc/cyber-quest/Cyber Quest/Assets
GfxDevice: creating device client; threaded=0; jobified=0
Direct3D:
    Version:  Direct3D 11.0 [level 11.1]
    Renderer: Intel(R) Iris(R) Xe Graphics (ID=0x9a49)
    Vendor:   Intel
    VRAM:     3947 MB
    Driver:   30.0.100.9864
Initialize mono
Mono path[0] = 'C:/Program Files/Unity/Hub/Editor/2021.3.24f1/Editor/Data/Managed'
Mono path[1] = 'C:/Program Files/Unity/Hub/Editor/2021.3.24f1/Editor/Data/MonoBleedingEdge/lib/mono/unityjit-win32'
Mono config path = 'C:/Program Files/Unity/Hub/Editor/2021.3.24f1/Editor/Data/MonoBleedingEdge/etc'
Using monoOptions --debugger-agent=transport=dt_socket,embedding=1,server=y,suspend=n,address=127.0.0.1:56296
Begin MonoManager ReloadAssembly
Registering precompiled unity dll's ...
Register platform support module: C:/Program Files/Unity/Hub/Editor/2021.3.24f1/Editor/Data/PlaybackEngines/WindowsStandaloneSupport/UnityEditor.WindowsStandalone.Extensions.dll
Registered in 0.004127 seconds.
Native extension for WindowsStandalone target not found
Refreshing native plugins compatible for Editor in 78.68 ms, found 3 plugins.
Preloading 0 native plugins for Editor in 0.00 ms.
Mono: successfully reloaded assembly
- Completed reload, in  0.657 seconds
Domain Reload Profiling:
	ReloadAssembly (657ms)
		BeginReloadAssembly (82ms)
			ExecutionOrderSort (0ms)
			DisableScriptedObjects (0ms)
			BackupInstance (0ms)
			ReleaseScriptingObjects (0ms)
			CreateAndSetChildDomain (1ms)
		EndReloadAssembly (471ms)
			LoadAssemblies (79ms)
			RebuildTransferFunctionScriptingTraits (0ms)
			SetupTypeCache (136ms)
			ReleaseScriptCaches (0ms)
			RebuildScriptCaches (24ms)
			SetupLoadedEditorAssemblies (257ms)
				LogAssemblyErrors (0ms)
				InitializePlatformSupportModulesInManaged (6ms)
				SetLoadedEditorAssemblies (0ms)
				RefreshPlugins (79ms)
				BeforeProcessingInitializeOnLoad (1ms)
				ProcessInitializeOnLoadAttributes (124ms)
				ProcessInitializeOnLoadMethodAttributes (46ms)
				AfterProcessingInitializeOnLoad (0ms)
				EditorAssembliesLoaded (0ms)
			ExecutionOrderSort2 (0ms)
			AwakeInstancesAfterBackupRestoration (0ms)
Platform modules already initialized, skipping
Registering precompiled user dll's ...
Registered in 0.004477 seconds.
Begin MonoManager ReloadAssembly
Symbol file LoadedFromMemory doesn't match image C:\Users\franc\cyber-quest\Cyber Quest\Library\PackageCache\com.unity.visualscripting@1.8.0\Editor\VisualScripting.Core\Dependencies\YamlDotNet\Unity.VisualScripting.YamlDotNet.dll
Symbol file LoadedFromMemory doesn't match image C:\Users\franc\cyber-quest\Cyber Quest\Library\PackageCache\com.unity.visualscripting@1.8.0\Editor\VisualScripting.Core\Dependencies\DotNetZip\Unity.VisualScripting.IonicZip.dll
Native extension for WindowsStandalone target not found
Refreshing native plugins compatible for Editor in 0.64 ms, found 3 plugins.
Preloading 0 native plugins for Editor in 0.00 ms.
Mono: successfully reloaded assembly
- Completed reload, in  0.998 seconds
Domain Reload Profiling:
	ReloadAssembly (999ms)
		BeginReloadAssembly (108ms)
			ExecutionOrderSort (0ms)
			DisableScriptedObjects (5ms)
			BackupInstance (0ms)
			ReleaseScriptingObjects (0ms)
			CreateAndSetChildDomain (17ms)
		EndReloadAssembly (792ms)
			LoadAssemblies (92ms)
			RebuildTransferFunctionScriptingTraits (0ms)
			SetupTypeCache (268ms)
			ReleaseScriptCaches (1ms)
			RebuildScriptCaches (49ms)
			SetupLoadedEditorAssemblies (351ms)
				LogAssemblyErrors (0ms)
				InitializePlatformSupportModulesInManaged (4ms)
				SetLoadedEditorAssemblies (0ms)
				RefreshPlugins (1ms)
				BeforeProcessingInitializeOnLoad (72ms)
				ProcessInitializeOnLoadAttributes (246ms)
				ProcessInitializeOnLoadMethodAttributes (21ms)
				AfterProcessingInitializeOnLoad (6ms)
				EditorAssembliesLoaded (0ms)
			ExecutionOrderSort2 (0ms)
			AwakeInstancesAfterBackupRestoration (5ms)
Platform modules already initialized, skipping
========================================================================
Worker process is ready to serve import requests
Launched and connected shader compiler UnityShaderCompiler.exe after 0.07 seconds
Refreshing native plugins compatible for Editor in 1.05 ms, found 3 plugins.
Preloading 0 native plugins for Editor in 0.00 ms.
Unloading 3288 Unused Serialized files (Serialized files now loaded: 0)
Unloading 36 unused Assets / (159.1 KB). Loaded Objects now: 3756.
Memory consumption went from 122.5 MB to 122.3 MB.
Total: 4.531600 ms (FindLiveObjects: 0.379800 ms CreateObjectMapping: 0.495200 ms MarkObjects: 3.477800 ms  DeleteObjects: 0.177300 ms)

AssetImportParameters requested are different than current active one (requested -> active):
  custom:video-decoder-ogg-theora: a1e56fd34408186e4bbccfd4996cb3dc -> 
  custom:container-muxer-webm: aa71ff27fc2769a1b78a27578f13a17b -> 
  custom:container-demuxer-webm: 4f35f7cbe854078d1ac9338744f61a02 -> 
  custom:video-encoder-webm-vp8: eb34c28f22e8b96e1ab97ce403110664 -> 
  custom:audio-encoder-webm-vorbis: bf7c407c2cedff20999df2af8eb42d56 -> 
  custom:framework-win-MediaFoundation: 216162199b28c13a410421893ffa2e32 -> 
  custom:container-demuxer-ogg: 62fdf1f143b41e24485cea50d1cbac27 -> 
  custom:video-decoder-webm-vp8: 9c59270c3fd7afecdb556c50c9e8de78 -> 
  custom:audio-decoder-ogg-vorbis: bf7c407c2cedff20999df2af8eb42d56 -> 
========================================================================
Received Import Request.
  Time since last request: 432677.532503 seconds.
  path: Assets/Supercyan Character Pack Free Sample/AnimatorControllers/FreeAnimations.controller
  artifactKey: Guid(8b9a677f24793ba45bdc27a1dab7745e) Importer(815301076,1909f56bfc062723c751e8b465ee728b)
Start importing Assets/Supercyan Character Pack Free Sample/AnimatorControllers/FreeAnimations.controller using Guid(8b9a677f24793ba45bdc27a1dab7745e) Importer(815301076,1909f56bfc062723c751e8b465ee728b)  -> (artifact id: 'c30edc9309c13ea4cdcae714d6423016') in 0.136805 seconds 
========================================================================
Received Import Request.
  Time since last request: 121.288590 seconds.
  path: Assets/Scenes/Crediti.unity
  artifactKey: Guid(3a3892415761eb6438da6613f59d0c10) Importer(815301076,1909f56bfc062723c751e8b465ee728b)
Start importing Assets/Scenes/Crediti.unity using Guid(3a3892415761eb6438da6613f59d0c10) Importer(815301076,1909f56bfc062723c751e8b465ee728b)  -> (artifact id: '4e5b528e4f5d289ea487c2970e76c416') in 0.017829 seconds 
========================================================================
Received Import Request.
  Time since last request: 15.475161 seconds.
  path: Assets/Scenes/Opzioni.unity
  artifactKey: Guid(c545686475493de44bc2a86c97f00291) Importer(815301076,1909f56bfc062723c751e8b465ee728b)
Start importing Assets/Scenes/Opzioni.unity using Guid(c545686475493de44bc2a86c97f00291) Importer(815301076,1909f56bfc062723c751e8b465ee728b)  -> (artifact id: '96b75c89262b6d808c6e963380f9290b') in 0.027369 seconds 
========================================================================
Received Import Request.
  Time since last request: 24.442428 seconds.
  path: Assets/Scenes/HubCentrale.unity
  artifactKey: Guid(3ad01a660bcbe7b4bba04d99c855a870) Importer(815301076,1909f56bfc062723c751e8b465ee728b)
Start importing Assets/Scenes/HubCentrale.unity using Guid(3ad01a660bcbe7b4bba04d99c855a870) Importer(815301076,1909f56bfc062723c751e8b465ee728b)  -> (artifact id: '3a811f84a8c36d0b6efcb61eaed9b006') in 0.020739 seconds 
========================================================================
Received Import Request.
  Time since last request: 2.174757 seconds.
  path: Assets/Scenes/Tutorial.unity
  artifactKey: Guid(13fef07960044b4409a3e898271293c7) Importer(815301076,1909f56bfc062723c751e8b465ee728b)
Start importing Assets/Scenes/Tutorial.unity using Guid(13fef07960044b4409a3e898271293c7) Importer(815301076,1909f56bfc062723c751e8b465ee728b)  -> (artifact id: 'e424cef3e0b1c3d1878697946f098da5') in 0.028836 seconds 
========================================================================
Received Prepare
Registering precompiled user dll's ...
Registered in 0.006032 seconds.
Begin MonoManager ReloadAssembly
Symbol file LoadedFromMemory doesn't match image C:\Users\franc\cyber-quest\Cyber Quest\Library\PackageCache\com.unity.visualscripting@1.8.0\Editor\VisualScripting.Core\Dependencies\YamlDotNet\Unity.VisualScripting.YamlDotNet.dll
Symbol file LoadedFromMemory doesn't match image C:\Users\franc\cyber-quest\Cyber Quest\Library\PackageCache\com.unity.visualscripting@1.8.0\Editor\VisualScripting.Core\Dependencies\DotNetZip\Unity.VisualScripting.IonicZip.dll
Native extension for WindowsStandalone target not found
Refreshing native plugins compatible for Editor in 0.63 ms, found 3 plugins.
Preloading 0 native plugins for Editor in 0.00 ms.
Mono: successfully reloaded assembly
- Completed reload, in  1.110 seconds
Domain Reload Profiling:
	ReloadAssembly (1111ms)
		BeginReloadAssembly (166ms)
			ExecutionOrderSort (0ms)
			DisableScriptedObjects (5ms)
			BackupInstance (0ms)
			ReleaseScriptingObjects (0ms)
			CreateAndSetChildDomain (45ms)
		EndReloadAssembly (836ms)
			LoadAssemblies (97ms)
			RebuildTransferFunctionScriptingTraits (0ms)
			SetupTypeCache (300ms)
			ReleaseScriptCaches (2ms)
			RebuildScriptCaches (50ms)
			SetupLoadedEditorAssemblies (359ms)
				LogAssemblyErrors (0ms)
				InitializePlatformSupportModulesInManaged (5ms)
				SetLoadedEditorAssemblies (1ms)
				RefreshPlugins (1ms)
				BeforeProcessingInitializeOnLoad (64ms)
				ProcessInitializeOnLoadAttributes (261ms)
				ProcessInitializeOnLoadMethodAttributes (21ms)
				AfterProcessingInitializeOnLoad (7ms)
				EditorAssembliesLoaded (0ms)
			ExecutionOrderSort2 (0ms)
			AwakeInstancesAfterBackupRestoration (7ms)
Platform modules already initialized, skipping
Refreshing native plugins compatible for Editor in 6.13 ms, found 3 plugins.
Preloading 0 native plugins for Editor in 0.00 ms.
Unloading 3268 Unused Serialized files (Serialized files now loaded: 0)
Unloading 18 unused Assets / (152.0 KB). Loaded Objects now: 3772.
Memory consumption went from 120.5 MB to 120.3 MB.
Total: 8.530300 ms (FindLiveObjects: 1.424900 ms CreateObjectMapping: 1.116000 ms MarkObjects: 5.801500 ms  DeleteObjects: 0.143700 ms)

AssetImportParameters requested are different than current active one (requested -> active):
  custom:video-decoder-ogg-theora: a1e56fd34408186e4bbccfd4996cb3dc -> 
  custom:container-muxer-webm: aa71ff27fc2769a1b78a27578f13a17b -> 
  custom:container-demuxer-webm: 4f35f7cbe854078d1ac9338744f61a02 -> 
  custom:video-encoder-webm-vp8: eb34c28f22e8b96e1ab97ce403110664 -> 
  custom:audio-encoder-webm-vorbis: bf7c407c2cedff20999df2af8eb42d56 -> 
  custom:framework-win-MediaFoundation: 216162199b28c13a410421893ffa2e32 -> 
  custom:container-demuxer-ogg: 62fdf1f143b41e24485cea50d1cbac27 -> 
  custom:video-decoder-webm-vp8: 9c59270c3fd7afecdb556c50c9e8de78 -> 
  custom:audio-decoder-ogg-vorbis: bf7c407c2cedff20999df2af8eb42d56 -> 
========================================================================
Received Import Request.
  Time since last request: 473.888042 seconds.
  path: Assets/Scenes/PasswordAmbientazione.unity
  artifactKey: Guid(4c9164f8f67fc4136b21a377efda96a0) Importer(815301076,1909f56bfc062723c751e8b465ee728b)
Start importing Assets/Scenes/PasswordAmbientazione.unity using Guid(4c9164f8f67fc4136b21a377efda96a0) Importer(815301076,1909f56bfc062723c751e8b465ee728b)  -> (artifact id: 'e6b8ef389335b09afc399f5d27a372a7') in 0.033222 seconds 
========================================================================
Received Prepare
Registering precompiled user dll's ...
Registered in 0.005396 seconds.
Begin MonoManager ReloadAssembly
Symbol file LoadedFromMemory doesn't match image C:\Users\franc\cyber-quest\Cyber Quest\Library\PackageCache\com.unity.visualscripting@1.8.0\Editor\VisualScripting.Core\Dependencies\YamlDotNet\Unity.VisualScripting.YamlDotNet.dll
Symbol file LoadedFromMemory doesn't match image C:\Users\franc\cyber-quest\Cyber Quest\Library\PackageCache\com.unity.visualscripting@1.8.0\Editor\VisualScripting.Core\Dependencies\DotNetZip\Unity.VisualScripting.IonicZip.dll
Native extension for WindowsStandalone target not found
Refreshing native plugins compatible for Editor in 0.65 ms, found 3 plugins.
Preloading 0 native plugins for Editor in 0.00 ms.
Mono: successfully reloaded assembly
- Completed reload, in  1.329 seconds
Domain Reload Profiling:
	ReloadAssembly (1330ms)
		BeginReloadAssembly (176ms)
			ExecutionOrderSort (0ms)
			DisableScriptedObjects (6ms)
			BackupInstance (0ms)
			ReleaseScriptingObjects (0ms)
			CreateAndSetChildDomain (49ms)
		EndReloadAssembly (1020ms)
			LoadAssemblies (110ms)
			RebuildTransferFunctionScriptingTraits (0ms)
			SetupTypeCache (372ms)
			ReleaseScriptCaches (2ms)
			RebuildScriptCaches (55ms)
			SetupLoadedEditorAssemblies (445ms)
				LogAssemblyErrors (0ms)
				InitializePlatformSupportModulesInManaged (6ms)
				SetLoadedEditorAssemblies (1ms)
				RefreshPlugins (1ms)
				BeforeProcessingInitializeOnLoad (75ms)
				ProcessInitializeOnLoadAttributes (326ms)
				ProcessInitializeOnLoadMethodAttributes (28ms)
				AfterProcessingInitializeOnLoad (8ms)
				EditorAssembliesLoaded (0ms)
			ExecutionOrderSort2 (0ms)
			AwakeInstancesAfterBackupRestoration (9ms)
Platform modules already initialized, skipping
Refreshing native plugins compatible for Editor in 8.25 ms, found 3 plugins.
Preloading 0 native plugins for Editor in 0.00 ms.
Unloading 3268 Unused Serialized files (Serialized files now loaded: 0)
Unloading 18 unused Assets / (152.1 KB). Loaded Objects now: 3787.
Memory consumption went from 120.5 MB to 120.3 MB.
Total: 13.075200 ms (FindLiveObjects: 1.309200 ms CreateObjectMapping: 1.561700 ms MarkObjects: 9.889600 ms  DeleteObjects: 0.311700 ms)

AssetImportParameters requested are different than current active one (requested -> active):
  custom:video-decoder-ogg-theora: a1e56fd34408186e4bbccfd4996cb3dc -> 
  custom:container-muxer-webm: aa71ff27fc2769a1b78a27578f13a17b -> 
  custom:container-demuxer-webm: 4f35f7cbe854078d1ac9338744f61a02 -> 
  custom:video-encoder-webm-vp8: eb34c28f22e8b96e1ab97ce403110664 -> 
  custom:audio-encoder-webm-vorbis: bf7c407c2cedff20999df2af8eb42d56 -> 
  custom:framework-win-MediaFoundation: 216162199b28c13a410421893ffa2e32 -> 
  custom:container-demuxer-ogg: 62fdf1f143b41e24485cea50d1cbac27 -> 
  custom:video-decoder-webm-vp8: 9c59270c3fd7afecdb556c50c9e8de78 -> 
  custom:audio-decoder-ogg-vorbis: bf7c407c2cedff20999df2af8eb42d56 -> 
========================================================================
Received Prepare
Registering precompiled user dll's ...
Registered in 0.006193 seconds.
Begin MonoManager ReloadAssembly
Symbol file LoadedFromMemory doesn't match image C:\Users\franc\cyber-quest\Cyber Quest\Library\PackageCache\com.unity.visualscripting@1.8.0\Editor\VisualScripting.Core\Dependencies\YamlDotNet\Unity.VisualScripting.YamlDotNet.dll
Symbol file LoadedFromMemory doesn't match image C:\Users\franc\cyber-quest\Cyber Quest\Library\PackageCache\com.unity.visualscripting@1.8.0\Editor\VisualScripting.Core\Dependencies\DotNetZip\Unity.VisualScripting.IonicZip.dll
Native extension for WindowsStandalone target not found
Refreshing native plugins compatible for Editor in 2.38 ms, found 3 plugins.
Preloading 0 native plugins for Editor in 0.00 ms.
Mono: successfully reloaded assembly
- Completed reload, in  2.969 seconds
Domain Reload Profiling:
	ReloadAssembly (2973ms)
		BeginReloadAssembly (211ms)
			ExecutionOrderSort (0ms)
			DisableScriptedObjects (5ms)
			BackupInstance (0ms)
			ReleaseScriptingObjects (0ms)
			CreateAndSetChildDomain (77ms)
		EndReloadAssembly (2632ms)
			LoadAssemblies (126ms)
			RebuildTransferFunctionScriptingTraits (0ms)
			SetupTypeCache (717ms)
			ReleaseScriptCaches (8ms)
			RebuildScriptCaches (193ms)
			SetupLoadedEditorAssemblies (1284ms)
				LogAssemblyErrors (0ms)
				InitializePlatformSupportModulesInManaged (23ms)
				SetLoadedEditorAssemblies (1ms)
				RefreshPlugins (3ms)
				BeforeProcessingInitializeOnLoad (183ms)
				ProcessInitializeOnLoadAttributes (973ms)
				ProcessInitializeOnLoadMethodAttributes (74ms)
				AfterProcessingInitializeOnLoad (25ms)
				EditorAssembliesLoaded (1ms)
			ExecutionOrderSort2 (0ms)
			AwakeInstancesAfterBackupRestoration (30ms)
Platform modules already initialized, skipping
Refreshing native plugins compatible for Editor in 8.42 ms, found 3 plugins.
Preloading 0 native plugins for Editor in 0.00 ms.
Unloading 3268 Unused Serialized files (Serialized files now loaded: 0)
Unloading 18 unused Assets / (152.1 KB). Loaded Objects now: 3802.
Memory consumption went from 120.5 MB to 120.3 MB.
Total: 20.782600 ms (FindLiveObjects: 0.657800 ms CreateObjectMapping: 1.582200 ms MarkObjects: 17.760800 ms  DeleteObjects: 0.774200 ms)

AssetImportParameters requested are different than current active one (requested -> active):
  custom:video-decoder-ogg-theora: a1e56fd34408186e4bbccfd4996cb3dc -> 
  custom:container-muxer-webm: aa71ff27fc2769a1b78a27578f13a17b -> 
  custom:container-demuxer-webm: 4f35f7cbe854078d1ac9338744f61a02 -> 
  custom:video-encoder-webm-vp8: eb34c28f22e8b96e1ab97ce403110664 -> 
  custom:audio-encoder-webm-vorbis: bf7c407c2cedff20999df2af8eb42d56 -> 
  custom:framework-win-MediaFoundation: 216162199b28c13a410421893ffa2e32 -> 
  custom:container-demuxer-ogg: 62fdf1f143b41e24485cea50d1cbac27 -> 
  custom:video-decoder-webm-vp8: 9c59270c3fd7afecdb556c50c9e8de78 -> 
  custom:audio-decoder-ogg-vorbis: bf7c407c2cedff20999df2af8eb42d56 -> 
========================================================================
Received Import Request.
  Time since last request: 1509.497218 seconds.
  path: Assets/prefabQuest/totem.prefab
  artifactKey: Guid(70f019a84ab47c940ba3992b8574cb37) Importer(815301076,1909f56bfc062723c751e8b465ee728b)
Start importing Assets/prefabQuest/totem.prefab using Guid(70f019a84ab47c940ba3992b8574cb37) Importer(815301076,1909f56bfc062723c751e8b465ee728b)  -> (artifact id: '0942caf1c3b3b0688add8709b345479a') in 0.051964 seconds 
========================================================================
Received Import Request.
  Time since last request: 355.867799 seconds.
  path: Assets/prefabQuest/totem.prefab
  artifactKey: Guid(70f019a84ab47c940ba3992b8574cb37) Importer(815301076,1909f56bfc062723c751e8b465ee728b)
Start importing Assets/prefabQuest/totem.prefab using Guid(70f019a84ab47c940ba3992b8574cb37) Importer(815301076,1909f56bfc062723c751e8b465ee728b)  -> (artifact id: '9db504ad545f897e27408d3154b58c32') in 0.167877 seconds 
========================================================================
Received Prepare
Registering precompiled user dll's ...
Registered in 0.004583 seconds.
Begin MonoManager ReloadAssembly
Symbol file LoadedFromMemory doesn't match image C:\Users\franc\cyber-quest\Cyber Quest\Library\PackageCache\com.unity.visualscripting@1.8.0\Editor\VisualScripting.Core\Dependencies\YamlDotNet\Unity.VisualScripting.YamlDotNet.dll
Symbol file LoadedFromMemory doesn't match image C:\Users\franc\cyber-quest\Cyber Quest\Library\PackageCache\com.unity.visualscripting@1.8.0\Editor\VisualScripting.Core\Dependencies\DotNetZip\Unity.VisualScripting.IonicZip.dll
Native extension for WindowsStandalone target not found
Refreshing native plugins compatible for Editor in 0.66 ms, found 3 plugins.
Preloading 0 native plugins for Editor in 0.00 ms.
Mono: successfully reloaded assembly
- Completed reload, in  1.331 seconds
Domain Reload Profiling:
	ReloadAssembly (1332ms)
		BeginReloadAssembly (208ms)
			ExecutionOrderSort (0ms)
			DisableScriptedObjects (6ms)
			BackupInstance (0ms)
			ReleaseScriptingObjects (0ms)
			CreateAndSetChildDomain (58ms)
		EndReloadAssembly (992ms)
			LoadAssemblies (142ms)
			RebuildTransferFunctionScriptingTraits (0ms)
			SetupTypeCache (364ms)
			ReleaseScriptCaches (3ms)
			RebuildScriptCaches (63ms)
			SetupLoadedEditorAssemblies (395ms)
				LogAssemblyErrors (0ms)
				InitializePlatformSupportModulesInManaged (6ms)
				SetLoadedEditorAssemblies (1ms)
				RefreshPlugins (1ms)
				BeforeProcessingInitializeOnLoad (82ms)
				ProcessInitializeOnLoadAttributes (274ms)
				ProcessInitializeOnLoadMethodAttributes (21ms)
				AfterProcessingInitializeOnLoad (10ms)
				EditorAssembliesLoaded (0ms)
			ExecutionOrderSort2 (0ms)
			AwakeInstancesAfterBackupRestoration (7ms)
Platform modules already initialized, skipping
Refreshing native plugins compatible for Editor in 5.83 ms, found 3 plugins.
Preloading 0 native plugins for Editor in 0.00 ms.
Unloading 3268 Unused Serialized files (Serialized files now loaded: 0)
Unloading 18 unused Assets / (151.8 KB). Loaded Objects now: 3824.
Memory consumption went from 124.8 MB to 124.6 MB.
Total: 9.239100 ms (FindLiveObjects: 1.148900 ms CreateObjectMapping: 1.572500 ms MarkObjects: 6.125100 ms  DeleteObjects: 0.387500 ms)

AssetImportParameters requested are different than current active one (requested -> active):
  custom:video-decoder-ogg-theora: a1e56fd34408186e4bbccfd4996cb3dc -> 
  custom:container-muxer-webm: aa71ff27fc2769a1b78a27578f13a17b -> 
  custom:container-demuxer-webm: 4f35f7cbe854078d1ac9338744f61a02 -> 
  custom:video-encoder-webm-vp8: eb34c28f22e8b96e1ab97ce403110664 -> 
  custom:audio-encoder-webm-vorbis: bf7c407c2cedff20999df2af8eb42d56 -> 
  custom:framework-win-MediaFoundation: 216162199b28c13a410421893ffa2e32 -> 
  custom:container-demuxer-ogg: 62fdf1f143b41e24485cea50d1cbac27 -> 
  custom:video-decoder-webm-vp8: 9c59270c3fd7afecdb556c50c9e8de78 -> 
  custom:audio-decoder-ogg-vorbis: bf7c407c2cedff20999df2af8eb42d56 -> 
========================================================================
Received Import Request.
  Time since last request: 529.657047 seconds.
  path: Assets/Scenes/PasswordAmbientazione.unity
  artifactKey: Guid(4c9164f8f67fc4136b21a377efda96a0) Importer(815301076,1909f56bfc062723c751e8b465ee728b)
Start importing Assets/Scenes/PasswordAmbientazione.unity using Guid(4c9164f8f67fc4136b21a377efda96a0) Importer(815301076,1909f56bfc062723c751e8b465ee728b)  -> (artifact id: '2e3b750e77d550ff386517c7334cb98b') in 0.010633 seconds 
========================================================================
Received Import Request.
  Time since last request: 1625.070630 seconds.
  path: Assets/Gabies_Assets/Keys/Models
  artifactKey: Guid(ce6779ce54968d247ab52aa8588e9fde) Importer(815301076,1909f56bfc062723c751e8b465ee728b)
Start importing Assets/Gabies_Assets/Keys/Models using Guid(ce6779ce54968d247ab52aa8588e9fde) Importer(815301076,1909f56bfc062723c751e8b465ee728b)  -> (artifact id: 'f0cf96f01a1e7e0f80231c7329fb638a') in 0.030701 seconds 
========================================================================
Received Import Request.
  Time since last request: 0.033578 seconds.
  path: Assets/Gabies_Assets/Keys/Models/Simple_02.fbx
  artifactKey: Guid(4def557500ba7364a9225f1167fc9bcf) Importer(815301076,1909f56bfc062723c751e8b465ee728b)
Start importing Assets/Gabies_Assets/Keys/Models/Simple_02.fbx using Guid(4def557500ba7364a9225f1167fc9bcf) Importer(815301076,1909f56bfc062723c751e8b465ee728b)  -> (artifact id: '593f3d7b7d82d89ff87e367dc45a6192') in 0.272635 seconds 
========================================================================
Received Import Request.
  Time since last request: 2073.174518 seconds.
  path: Assets/WoodsLifestyle/Models/Vegetation/Flowers/Flower_b_01.fbx
  artifactKey: Guid(ff0e13c71964d404da1f4a621be6b480) Importer(815301076,1909f56bfc062723c751e8b465ee728b)
Start importing Assets/WoodsLifestyle/Models/Vegetation/Flowers/Flower_b_01.fbx using Guid(ff0e13c71964d404da1f4a621be6b480) Importer(815301076,1909f56bfc062723c751e8b465ee728b)  -> (artifact id: '93772e4e1f49240c069556351fcb086e') in 0.125259 seconds 
========================================================================
Received Import Request.
  Time since last request: 0.000050 seconds.
  path: Assets/WoodsLifestyle/Models/Vegetation/Flowers/Flower_c_a_02.fbx
  artifactKey: Guid(473c97f2cd3708843885be8435f0de76) Importer(815301076,1909f56bfc062723c751e8b465ee728b)
Start importing Assets/WoodsLifestyle/Models/Vegetation/Flowers/Flower_c_a_02.fbx using Guid(473c97f2cd3708843885be8435f0de76) Importer(815301076,1909f56bfc062723c751e8b465ee728b)  -> (artifact id: '718ab603805c0d427d3fb1e6fe744d9a') in 0.073480 seconds 
========================================================================
Received Prepare
Registering precompiled user dll's ...
Registered in 0.007369 seconds.
Begin MonoManager ReloadAssembly
Symbol file LoadedFromMemory doesn't match image C:\Users\franc\cyber-quest\Cyber Quest\Library\PackageCache\com.unity.visualscripting@1.8.0\Editor\VisualScripting.Core\Dependencies\YamlDotNet\Unity.VisualScripting.YamlDotNet.dll
Symbol file LoadedFromMemory doesn't match image C:\Users\franc\cyber-quest\Cyber Quest\Library\PackageCache\com.unity.visualscripting@1.8.0\Editor\VisualScripting.Core\Dependencies\DotNetZip\Unity.VisualScripting.IonicZip.dll
Native extension for WindowsStandalone target not found
Refreshing native plugins compatible for Editor in 4.76 ms, found 3 plugins.
Preloading 0 native plugins for Editor in 0.00 ms.
Mono: successfully reloaded assembly
- Completed reload, in  6.550 seconds
Domain Reload Profiling:
	ReloadAssembly (6554ms)
		BeginReloadAssembly (626ms)
			ExecutionOrderSort (0ms)
			DisableScriptedObjects (16ms)
			BackupInstance (0ms)
			ReleaseScriptingObjects (0ms)
			CreateAndSetChildDomain (197ms)
		EndReloadAssembly (5400ms)
			LoadAssemblies (562ms)
			RebuildTransferFunctionScriptingTraits (0ms)
			SetupTypeCache (1432ms)
			ReleaseScriptCaches (15ms)
			RebuildScriptCaches (341ms)
			SetupLoadedEditorAssemblies (2474ms)
				LogAssemblyErrors (0ms)
				InitializePlatformSupportModulesInManaged (180ms)
				SetLoadedEditorAssemblies (19ms)
				RefreshPlugins (5ms)
				BeforeProcessingInitializeOnLoad (487ms)
				ProcessInitializeOnLoadAttributes (1646ms)
				ProcessInitializeOnLoadMethodAttributes (107ms)
				AfterProcessingInitializeOnLoad (31ms)
				EditorAssembliesLoaded (0ms)
			ExecutionOrderSort2 (0ms)
			AwakeInstancesAfterBackupRestoration (27ms)
Platform modules already initialized, skipping
Refreshing native plugins compatible for Editor in 5.18 ms, found 3 plugins.
Preloading 0 native plugins for Editor in 0.00 ms.
Unloading 3268 Unused Serialized files (Serialized files now loaded: 0)
Unloading 18 unused Assets / (151.9 KB). Loaded Objects now: 3875.
Memory consumption went from 125.2 MB to 125.1 MB.
Total: 40.019300 ms (FindLiveObjects: 2.493900 ms CreateObjectMapping: 4.223200 ms MarkObjects: 31.356600 ms  DeleteObjects: 1.935600 ms)

AssetImportParameters requested are different than current active one (requested -> active):
  custom:video-decoder-ogg-theora: a1e56fd34408186e4bbccfd4996cb3dc -> 
  custom:container-muxer-webm: aa71ff27fc2769a1b78a27578f13a17b -> 
  custom:container-demuxer-webm: 4f35f7cbe854078d1ac9338744f61a02 -> 
  custom:video-encoder-webm-vp8: eb34c28f22e8b96e1ab97ce403110664 -> 
  custom:audio-encoder-webm-vorbis: bf7c407c2cedff20999df2af8eb42d56 -> 
  custom:framework-win-MediaFoundation: 216162199b28c13a410421893ffa2e32 -> 
  custom:container-demuxer-ogg: 62fdf1f143b41e24485cea50d1cbac27 -> 
  custom:video-decoder-webm-vp8: 9c59270c3fd7afecdb556c50c9e8de78 -> 
  custom:audio-decoder-ogg-vorbis: bf7c407c2cedff20999df2af8eb42d56 -> 
========================================================================
Received Import Request.
  Time since last request: 2727.875632 seconds.
  path: Assets/prefabQuest/LightPost_01.prefab
  artifactKey: Guid(36bf0050793182046ad61235d391fac0) Importer(815301076,1909f56bfc062723c751e8b465ee728b)
Start importing Assets/prefabQuest/LightPost_01.prefab using Guid(36bf0050793182046ad61235d391fac0) Importer(815301076,1909f56bfc062723c751e8b465ee728b)  -> (artifact id: '8686e3684183d6dfebd64cd24b449d9e') in 0.155326 seconds 
========================================================================
Received Import Request.
  Time since last request: 7.450883 seconds.
  path: Assets/prefabQuest/LightPost_01.prefab
  artifactKey: Guid(36bf0050793182046ad61235d391fac0) Importer(815301076,1909f56bfc062723c751e8b465ee728b)
Start importing Assets/prefabQuest/LightPost_01.prefab using Guid(36bf0050793182046ad61235d391fac0) Importer(815301076,1909f56bfc062723c751e8b465ee728b)  -> (artifact id: '45ba2be48635ba8b90da1f58bdf524ac') in 0.030965 seconds 
========================================================================
Received Import Request.
  Time since last request: 1.571964 seconds.
  path: Assets/prefabQuest/LightPost_01.prefab
  artifactKey: Guid(36bf0050793182046ad61235d391fac0) Importer(815301076,1909f56bfc062723c751e8b465ee728b)
Start importing Assets/prefabQuest/LightPost_01.prefab using Guid(36bf0050793182046ad61235d391fac0) Importer(815301076,1909f56bfc062723c751e8b465ee728b)  -> (artifact id: 'c4782197dfee1edcc01c3a640ca8c1cf') in 0.024418 seconds 
========================================================================
Received Import Request.
  Time since last request: 8.849011 seconds.
  path: Assets/prefabQuest/LightPost_01.prefab
  artifactKey: Guid(36bf0050793182046ad61235d391fac0) Importer(815301076,1909f56bfc062723c751e8b465ee728b)
Start importing Assets/prefabQuest/LightPost_01.prefab using Guid(36bf0050793182046ad61235d391fac0) Importer(815301076,1909f56bfc062723c751e8b465ee728b)  -> (artifact id: '8df87c8006a39ff1f2f1da43cc7d7d1e') in 0.027568 seconds 
========================================================================
Received Import Request.
  Time since last request: 3.398608 seconds.
  path: Assets/prefabQuest/LightPost_01.prefab
  artifactKey: Guid(36bf0050793182046ad61235d391fac0) Importer(815301076,1909f56bfc062723c751e8b465ee728b)
Start importing Assets/prefabQuest/LightPost_01.prefab using Guid(36bf0050793182046ad61235d391fac0) Importer(815301076,1909f56bfc062723c751e8b465ee728b)  -> (artifact id: '47395fd8ecf9967c639cf94c367f95db') in 0.021711 seconds 
========================================================================
Received Import Request.
  Time since last request: 5.641793 seconds.
  path: Assets/prefabQuest/LightPost_01.prefab
  artifactKey: Guid(36bf0050793182046ad61235d391fac0) Importer(815301076,1909f56bfc062723c751e8b465ee728b)
Start importing Assets/prefabQuest/LightPost_01.prefab using Guid(36bf0050793182046ad61235d391fac0) Importer(815301076,1909f56bfc062723c751e8b465ee728b)  -> (artifact id: '777510d51bcff2fb075b380be315a034') in 0.028309 seconds 
========================================================================
Received Import Request.
  Time since last request: 4.193601 seconds.
  path: Assets/prefabQuest/LightPost_01.prefab
  artifactKey: Guid(36bf0050793182046ad61235d391fac0) Importer(815301076,1909f56bfc062723c751e8b465ee728b)
Start importing Assets/prefabQuest/LightPost_01.prefab using Guid(36bf0050793182046ad61235d391fac0) Importer(815301076,1909f56bfc062723c751e8b465ee728b)  -> (artifact id: '84aa68ef9258e0428b8b4388060d4ccd') in 0.025957 seconds 
========================================================================
Received Import Request.
  Time since last request: 10.288508 seconds.
  path: Assets/prefabQuest/LightPost_01.prefab
  artifactKey: Guid(36bf0050793182046ad61235d391fac0) Importer(815301076,1909f56bfc062723c751e8b465ee728b)
Start importing Assets/prefabQuest/LightPost_01.prefab using Guid(36bf0050793182046ad61235d391fac0) Importer(815301076,1909f56bfc062723c751e8b465ee728b)  -> (artifact id: 'a3f464ddc9bed66aa946d6de57876406') in 0.027160 seconds 
========================================================================
Received Import Request.
  Time since last request: 2.809403 seconds.
  path: Assets/prefabQuest/LightPost_01.prefab
  artifactKey: Guid(36bf0050793182046ad61235d391fac0) Importer(815301076,1909f56bfc062723c751e8b465ee728b)
Start importing Assets/prefabQuest/LightPost_01.prefab using Guid(36bf0050793182046ad61235d391fac0) Importer(815301076,1909f56bfc062723c751e8b465ee728b)  -> (artifact id: 'f81310c77466ce40bd07fca0fef91926') in 0.030871 seconds 
========================================================================
Received Import Request.
  Time since last request: 6.767333 seconds.
  path: Assets/prefabQuest/LightPost_01.prefab
  artifactKey: Guid(36bf0050793182046ad61235d391fac0) Importer(815301076,1909f56bfc062723c751e8b465ee728b)
Start importing Assets/prefabQuest/LightPost_01.prefab using Guid(36bf0050793182046ad61235d391fac0) Importer(815301076,1909f56bfc062723c751e8b465ee728b)  -> (artifact id: '04e03a7cc7448145279f65d0cf1d2de8') in 0.022356 seconds 
========================================================================
Received Import Request.
  Time since last request: 4.002735 seconds.
  path: Assets/prefabQuest/LightPost_01.prefab
  artifactKey: Guid(36bf0050793182046ad61235d391fac0) Importer(815301076,1909f56bfc062723c751e8b465ee728b)
Start importing Assets/prefabQuest/LightPost_01.prefab using Guid(36bf0050793182046ad61235d391fac0) Importer(815301076,1909f56bfc062723c751e8b465ee728b)  -> (artifact id: '3c2d9ba424421fca907d37bb3f04e249') in 0.029629 seconds 
========================================================================
Received Import Request.
  Time since last request: 23.475298 seconds.
  path: Assets/prefabQuest/LightPost_01.prefab
  artifactKey: Guid(36bf0050793182046ad61235d391fac0) Importer(815301076,1909f56bfc062723c751e8b465ee728b)
Start importing Assets/prefabQuest/LightPost_01.prefab using Guid(36bf0050793182046ad61235d391fac0) Importer(815301076,1909f56bfc062723c751e8b465ee728b)  -> (artifact id: 'ccb4b11a558aec84fb11c827a3f215b9') in 0.029250 seconds 
========================================================================
Received Import Request.
  Time since last request: 1.786438 seconds.
  path: Assets/prefabQuest/LightPost_01.prefab
  artifactKey: Guid(36bf0050793182046ad61235d391fac0) Importer(815301076,1909f56bfc062723c751e8b465ee728b)
Start importing Assets/prefabQuest/LightPost_01.prefab using Guid(36bf0050793182046ad61235d391fac0) Importer(815301076,1909f56bfc062723c751e8b465ee728b)  -> (artifact id: 'f23580d344131052c1942a2dec66c3bf') in 0.022488 seconds 
========================================================================
Received Import Request.
  Time since last request: 4.054716 seconds.
  path: Assets/prefabQuest/LightPost_01.prefab
  artifactKey: Guid(36bf0050793182046ad61235d391fac0) Importer(815301076,1909f56bfc062723c751e8b465ee728b)
Start importing Assets/prefabQuest/LightPost_01.prefab using Guid(36bf0050793182046ad61235d391fac0) Importer(815301076,1909f56bfc062723c751e8b465ee728b)  -> (artifact id: 'c86ce2cd3b19ff4377d5e36e8abdc519') in 0.023532 seconds 
========================================================================
Received Import Request.
  Time since last request: 3.797499 seconds.
  path: Assets/prefabQuest/LightPost_01.prefab
  artifactKey: Guid(36bf0050793182046ad61235d391fac0) Importer(815301076,1909f56bfc062723c751e8b465ee728b)
Start importing Assets/prefabQuest/LightPost_01.prefab using Guid(36bf0050793182046ad61235d391fac0) Importer(815301076,1909f56bfc062723c751e8b465ee728b)  -> (artifact id: '9531edc9867b10fa579b9a9b46d9048b') in 0.018597 seconds 
========================================================================
Received Import Request.
  Time since last request: 2.586397 seconds.
  path: Assets/prefabQuest/LightPost_01.prefab
  artifactKey: Guid(36bf0050793182046ad61235d391fac0) Importer(815301076,1909f56bfc062723c751e8b465ee728b)
Start importing Assets/prefabQuest/LightPost_01.prefab using Guid(36bf0050793182046ad61235d391fac0) Importer(815301076,1909f56bfc062723c751e8b465ee728b)  -> (artifact id: '8b3c41eb62431fafe45832059e399e5f') in 0.022943 seconds 
========================================================================
Received Import Request.
  Time since last request: 2.187353 seconds.
  path: Assets/prefabQuest/LightPost_01.prefab
  artifactKey: Guid(36bf0050793182046ad61235d391fac0) Importer(815301076,1909f56bfc062723c751e8b465ee728b)
Start importing Assets/prefabQuest/LightPost_01.prefab using Guid(36bf0050793182046ad61235d391fac0) Importer(815301076,1909f56bfc062723c751e8b465ee728b)  -> (artifact id: '6264bc5fac2349eb52bb24a182d037f7') in 0.025152 seconds 
========================================================================
Received Import Request.
  Time since last request: 4.800644 seconds.
  path: Assets/prefabQuest/LightPost_01.prefab
  artifactKey: Guid(36bf0050793182046ad61235d391fac0) Importer(815301076,1909f56bfc062723c751e8b465ee728b)
Start importing Assets/prefabQuest/LightPost_01.prefab using Guid(36bf0050793182046ad61235d391fac0) Importer(815301076,1909f56bfc062723c751e8b465ee728b)  -> (artifact id: 'a9a474a5889b63a67f8e76ed109180ed') in 0.024668 seconds 
========================================================================
Received Import Request.
  Time since last request: 3.178663 seconds.
  path: Assets/prefabQuest/LightPost_01.prefab
  artifactKey: Guid(36bf0050793182046ad61235d391fac0) Importer(815301076,1909f56bfc062723c751e8b465ee728b)
Start importing Assets/prefabQuest/LightPost_01.prefab using Guid(36bf0050793182046ad61235d391fac0) Importer(815301076,1909f56bfc062723c751e8b465ee728b)  -> (artifact id: '738f2972079d63b61bf5fb73646d13f8') in 0.032730 seconds 
========================================================================
Received Import Request.
  Time since last request: 2.176149 seconds.
  path: Assets/prefabQuest/LightPost_01.prefab
  artifactKey: Guid(36bf0050793182046ad61235d391fac0) Importer(815301076,1909f56bfc062723c751e8b465ee728b)
Start importing Assets/prefabQuest/LightPost_01.prefab using Guid(36bf0050793182046ad61235d391fac0) Importer(815301076,1909f56bfc062723c751e8b465ee728b)  -> (artifact id: 'a0ce8ebe21e112f8938cdc3ea224d21b') in 0.024650 seconds 
========================================================================
Received Import Request.
  Time since last request: 1.795060 seconds.
  path: Assets/prefabQuest/LightPost_01.prefab
  artifactKey: Guid(36bf0050793182046ad61235d391fac0) Importer(815301076,1909f56bfc062723c751e8b465ee728b)
Start importing Assets/prefabQuest/LightPost_01.prefab using Guid(36bf0050793182046ad61235d391fac0) Importer(815301076,1909f56bfc062723c751e8b465ee728b)  -> (artifact id: 'f191e1584562a914f0d87069987e4367') in 0.026949 seconds 
========================================================================
Received Import Request.
  Time since last request: 3.209639 seconds.
  path: Assets/prefabQuest/LightPost_01.prefab
  artifactKey: Guid(36bf0050793182046ad61235d391fac0) Importer(815301076,1909f56bfc062723c751e8b465ee728b)
Start importing Assets/prefabQuest/LightPost_01.prefab using Guid(36bf0050793182046ad61235d391fac0) Importer(815301076,1909f56bfc062723c751e8b465ee728b)  -> (artifact id: 'e29256c200dc7df42547f470de4a43d4') in 0.026923 seconds 
========================================================================
Received Import Request.
  Time since last request: 3.195624 seconds.
  path: Assets/prefabQuest/LightPost_01.prefab
  artifactKey: Guid(36bf0050793182046ad61235d391fac0) Importer(815301076,1909f56bfc062723c751e8b465ee728b)
Start importing Assets/prefabQuest/LightPost_01.prefab using Guid(36bf0050793182046ad61235d391fac0) Importer(815301076,1909f56bfc062723c751e8b465ee728b)  -> (artifact id: 'c6b00d74d88e21d38e05105b8a8b6c96') in 0.020405 seconds 
========================================================================
Received Import Request.
  Time since last request: 1.391419 seconds.
  path: Assets/prefabQuest/LightPost_01.prefab
  artifactKey: Guid(36bf0050793182046ad61235d391fac0) Importer(815301076,1909f56bfc062723c751e8b465ee728b)
Start importing Assets/prefabQuest/LightPost_01.prefab using Guid(36bf0050793182046ad61235d391fac0) Importer(815301076,1909f56bfc062723c751e8b465ee728b)  -> (artifact id: 'a21166dd2466c6fa76be2a566477b6b2') in 0.028889 seconds 
========================================================================
Received Import Request.
  Time since last request: 4.186819 seconds.
  path: Assets/prefabQuest/LightPost_01.prefab
  artifactKey: Guid(36bf0050793182046ad61235d391fac0) Importer(815301076,1909f56bfc062723c751e8b465ee728b)
Start importing Assets/prefabQuest/LightPost_01.prefab using Guid(36bf0050793182046ad61235d391fac0) Importer(815301076,1909f56bfc062723c751e8b465ee728b)  -> (artifact id: '00b98f6ddcecaea469c64b187e1b5a25') in 0.018501 seconds 
========================================================================
Received Import Request.
  Time since last request: 6.646823 seconds.
  path: Assets/prefabQuest/LightPost_01.prefab
  artifactKey: Guid(36bf0050793182046ad61235d391fac0) Importer(815301076,1909f56bfc062723c751e8b465ee728b)
Start importing Assets/prefabQuest/LightPost_01.prefab using Guid(36bf0050793182046ad61235d391fac0) Importer(815301076,1909f56bfc062723c751e8b465ee728b)  -> (artifact id: '673426641bd55e00b5eebeb93c897bdd') in 0.025616 seconds 
========================================================================
Received Import Request.
  Time since last request: 16.729926 seconds.
  path: Assets/prefabQuest/LightPost_01.prefab
  artifactKey: Guid(36bf0050793182046ad61235d391fac0) Importer(815301076,1909f56bfc062723c751e8b465ee728b)
Start importing Assets/prefabQuest/LightPost_01.prefab using Guid(36bf0050793182046ad61235d391fac0) Importer(815301076,1909f56bfc062723c751e8b465ee728b)  -> (artifact id: '0484ffbdcb5d38eb63523bf8528de06e') in 0.019688 seconds 
========================================================================
Received Import Request.
  Time since last request: 6.652786 seconds.
  path: Assets/prefabQuest/LightPost_01.prefab
  artifactKey: Guid(36bf0050793182046ad61235d391fac0) Importer(815301076,1909f56bfc062723c751e8b465ee728b)
Start importing Assets/prefabQuest/LightPost_01.prefab using Guid(36bf0050793182046ad61235d391fac0) Importer(815301076,1909f56bfc062723c751e8b465ee728b)  -> (artifact id: 'c0a23ff99441468d87f0d4e2c73b33e1') in 0.021479 seconds 
========================================================================
Received Import Request.
  Time since last request: 8.662386 seconds.
  path: Assets/prefabQuest/LightPost_01.prefab
  artifactKey: Guid(36bf0050793182046ad61235d391fac0) Importer(815301076,1909f56bfc062723c751e8b465ee728b)
Start importing Assets/prefabQuest/LightPost_01.prefab using Guid(36bf0050793182046ad61235d391fac0) Importer(815301076,1909f56bfc062723c751e8b465ee728b)  -> (artifact id: 'cdbbe9f4f47eefa5b0a06cb8e58102bd') in 0.020215 seconds 
========================================================================
Received Import Request.
  Time since last request: 13.696771 seconds.
  path: Assets/prefabQuest/LightPost_01.prefab
  artifactKey: Guid(36bf0050793182046ad61235d391fac0) Importer(815301076,1909f56bfc062723c751e8b465ee728b)
Start importing Assets/prefabQuest/LightPost_01.prefab using Guid(36bf0050793182046ad61235d391fac0) Importer(815301076,1909f56bfc062723c751e8b465ee728b)  -> (artifact id: '1749e460dcc240271b05a729fe0c3478') in 0.040603 seconds 
========================================================================
Received Prepare
Registering precompiled user dll's ...
Registered in 0.004304 seconds.
Begin MonoManager ReloadAssembly
Symbol file LoadedFromMemory doesn't match image C:\Users\franc\cyber-quest\Cyber Quest\Library\PackageCache\com.unity.visualscripting@1.8.0\Editor\VisualScripting.Core\Dependencies\YamlDotNet\Unity.VisualScripting.YamlDotNet.dll
Symbol file LoadedFromMemory doesn't match image C:\Users\franc\cyber-quest\Cyber Quest\Library\PackageCache\com.unity.visualscripting@1.8.0\Editor\VisualScripting.Core\Dependencies\DotNetZip\Unity.VisualScripting.IonicZip.dll
Native extension for WindowsStandalone target not found
Refreshing native plugins compatible for Editor in 2.39 ms, found 3 plugins.
Preloading 0 native plugins for Editor in 0.00 ms.
Mono: successfully reloaded assembly
- Completed reload, in  2.432 seconds
Domain Reload Profiling:
	ReloadAssembly (2433ms)
		BeginReloadAssembly (190ms)
			ExecutionOrderSort (0ms)
			DisableScriptedObjects (4ms)
			BackupInstance (0ms)
			ReleaseScriptingObjects (0ms)
			CreateAndSetChildDomain (39ms)
		EndReloadAssembly (2124ms)
			LoadAssemblies (143ms)
			RebuildTransferFunctionScriptingTraits (0ms)
			SetupTypeCache (451ms)
			ReleaseScriptCaches (3ms)
			RebuildScriptCaches (150ms)
			SetupLoadedEditorAssemblies (1129ms)
				LogAssemblyErrors (0ms)
				InitializePlatformSupportModulesInManaged (27ms)
				SetLoadedEditorAssemblies (1ms)
				RefreshPlugins (3ms)
				BeforeProcessingInitializeOnLoad (193ms)
				ProcessInitializeOnLoadAttributes (814ms)
				ProcessInitializeOnLoadMethodAttributes (71ms)
				AfterProcessingInitializeOnLoad (18ms)
				EditorAssembliesLoaded (0ms)
			ExecutionOrderSort2 (0ms)
			AwakeInstancesAfterBackupRestoration (20ms)
Platform modules already initialized, skipping
Refreshing native plugins compatible for Editor in 9.34 ms, found 3 plugins.
Preloading 0 native plugins for Editor in 0.00 ms.
Unloading 3268 Unused Serialized files (Serialized files now loaded: 0)
Unloading 18 unused Assets / (151.8 KB). Loaded Objects now: 3892.
Memory consumption went from 125.3 MB to 125.1 MB.
Total: 20.000800 ms (FindLiveObjects: 0.749200 ms CreateObjectMapping: 7.113600 ms MarkObjects: 11.879500 ms  DeleteObjects: 0.254700 ms)

AssetImportParameters requested are different than current active one (requested -> active):
  custom:video-decoder-ogg-theora: a1e56fd34408186e4bbccfd4996cb3dc -> 
  custom:container-muxer-webm: aa71ff27fc2769a1b78a27578f13a17b -> 
  custom:container-demuxer-webm: 4f35f7cbe854078d1ac9338744f61a02 -> 
  custom:video-encoder-webm-vp8: eb34c28f22e8b96e1ab97ce403110664 -> 
  custom:audio-encoder-webm-vorbis: bf7c407c2cedff20999df2af8eb42d56 -> 
  custom:framework-win-MediaFoundation: 216162199b28c13a410421893ffa2e32 -> 
  custom:container-demuxer-ogg: 62fdf1f143b41e24485cea50d1cbac27 -> 
  custom:video-decoder-webm-vp8: 9c59270c3fd7afecdb556c50c9e8de78 -> 
  custom:audio-decoder-ogg-vorbis: bf7c407c2cedff20999df2af8eb42d56 -> 
========================================================================
Received Import Request.
  Time since last request: 71.873488 seconds.
  path: Assets/prefabQuest/sferaStrana.prefab
  artifactKey: Guid(909df242d2576a748ab38962a6694106) Importer(815301076,1909f56bfc062723c751e8b465ee728b)
Start importing Assets/prefabQuest/sferaStrana.prefab using Guid(909df242d2576a748ab38962a6694106) Importer(815301076,1909f56bfc062723c751e8b465ee728b)  -> (artifact id: '2061b092decc0586243464960805a21d') in 0.201034 seconds 
========================================================================
Received Import Request.
  Time since last request: 3.557248 seconds.
  path: Assets/prefabQuest/sferaStrana.prefab
  artifactKey: Guid(909df242d2576a748ab38962a6694106) Importer(815301076,1909f56bfc062723c751e8b465ee728b)
Start importing Assets/prefabQuest/sferaStrana.prefab using Guid(909df242d2576a748ab38962a6694106) Importer(815301076,1909f56bfc062723c751e8b465ee728b)  -> (artifact id: '3b2c8c114333247e3435df5e5e20e51d') in 0.052188 seconds 
========================================================================
Received Import Request.
  Time since last request: 0.365308 seconds.
  path: Assets/prefabQuest/sferaStrana.prefab
  artifactKey: Guid(909df242d2576a748ab38962a6694106) Importer(815301076,1909f56bfc062723c751e8b465ee728b)
Start importing Assets/prefabQuest/sferaStrana.prefab using Guid(909df242d2576a748ab38962a6694106) Importer(815301076,1909f56bfc062723c751e8b465ee728b)  -> (artifact id: '7bdb1066ee8f439d2e01de3cdfecfd48') in 0.042964 seconds 
========================================================================
Received Import Request.
  Time since last request: 0.364490 seconds.
  path: Assets/prefabQuest/sferaStrana.prefab
  artifactKey: Guid(909df242d2576a748ab38962a6694106) Importer(815301076,1909f56bfc062723c751e8b465ee728b)
Start importing Assets/prefabQuest/sferaStrana.prefab using Guid(909df242d2576a748ab38962a6694106) Importer(815301076,1909f56bfc062723c751e8b465ee728b)  -> (artifact id: '9bc4a574535294bb6b7731feda097158') in 0.046136 seconds 
========================================================================
Received Import Request.
  Time since last request: 0.568182 seconds.
  path: Assets/prefabQuest/sferaStrana.prefab
  artifactKey: Guid(909df242d2576a748ab38962a6694106) Importer(815301076,1909f56bfc062723c751e8b465ee728b)
Start importing Assets/prefabQuest/sferaStrana.prefab using Guid(909df242d2576a748ab38962a6694106) Importer(815301076,1909f56bfc062723c751e8b465ee728b)  -> (artifact id: 'bfc21c16642785ab5e46ff619e475c72') in 0.038133 seconds 
========================================================================
Received Import Request.
  Time since last request: 12.520320 seconds.
  path: Assets/prefabQuest/LightPost_01.prefab
  artifactKey: Guid(36bf0050793182046ad61235d391fac0) Importer(815301076,1909f56bfc062723c751e8b465ee728b)
Start importing Assets/prefabQuest/LightPost_01.prefab using Guid(36bf0050793182046ad61235d391fac0) Importer(815301076,1909f56bfc062723c751e8b465ee728b)  -> (artifact id: '39799baf473370baaee8153b84968654') in 0.022339 seconds 
========================================================================
Received Import Request.
  Time since last request: 3.579364 seconds.
  path: Assets/prefabQuest/LightPost_01.prefab
  artifactKey: Guid(36bf0050793182046ad61235d391fac0) Importer(815301076,1909f56bfc062723c751e8b465ee728b)
Start importing Assets/prefabQuest/LightPost_01.prefab using Guid(36bf0050793182046ad61235d391fac0) Importer(815301076,1909f56bfc062723c751e8b465ee728b)  -> (artifact id: '04251e0c2034b90168782048b24c3ff6') in 0.029902 seconds 
========================================================================
Received Import Request.
  Time since last request: 1.990697 seconds.
  path: Assets/prefabQuest/LightPost_01.prefab
  artifactKey: Guid(36bf0050793182046ad61235d391fac0) Importer(815301076,1909f56bfc062723c751e8b465ee728b)
Start importing Assets/prefabQuest/LightPost_01.prefab using Guid(36bf0050793182046ad61235d391fac0) Importer(815301076,1909f56bfc062723c751e8b465ee728b)  -> (artifact id: '38fd15cf0b861520bbd4d46897de1cb3') in 0.020372 seconds 
========================================================================
Received Prepare
Registering precompiled user dll's ...
Registered in 0.005917 seconds.
Begin MonoManager ReloadAssembly
Symbol file LoadedFromMemory doesn't match image C:\Users\franc\cyber-quest\Cyber Quest\Library\PackageCache\com.unity.visualscripting@1.8.0\Editor\VisualScripting.Core\Dependencies\YamlDotNet\Unity.VisualScripting.YamlDotNet.dll
Symbol file LoadedFromMemory doesn't match image C:\Users\franc\cyber-quest\Cyber Quest\Library\PackageCache\com.unity.visualscripting@1.8.0\Editor\VisualScripting.Core\Dependencies\DotNetZip\Unity.VisualScripting.IonicZip.dll
Native extension for WindowsStandalone target not found
Refreshing native plugins compatible for Editor in 5.65 ms, found 3 plugins.
Preloading 0 native plugins for Editor in 0.00 ms.
Mono: successfully reloaded assembly
- Completed reload, in  2.861 seconds
Domain Reload Profiling:
	ReloadAssembly (2864ms)
		BeginReloadAssembly (204ms)
			ExecutionOrderSort (0ms)
			DisableScriptedObjects (5ms)
			BackupInstance (0ms)
			ReleaseScriptingObjects (0ms)
			CreateAndSetChildDomain (47ms)
		EndReloadAssembly (2510ms)
			LoadAssemblies (139ms)
			RebuildTransferFunctionScriptingTraits (0ms)
			SetupTypeCache (632ms)
			ReleaseScriptCaches (7ms)
			RebuildScriptCaches (208ms)
			SetupLoadedEditorAssemblies (1213ms)
				LogAssemblyErrors (0ms)
				InitializePlatformSupportModulesInManaged (24ms)
				SetLoadedEditorAssemblies (3ms)
				RefreshPlugins (6ms)
				BeforeProcessingInitializeOnLoad (233ms)
				ProcessInitializeOnLoadAttributes (843ms)
				ProcessInitializeOnLoadMethodAttributes (83ms)
				AfterProcessingInitializeOnLoad (20ms)
				EditorAssembliesLoaded (0ms)
			ExecutionOrderSort2 (0ms)
			AwakeInstancesAfterBackupRestoration (26ms)
Platform modules already initialized, skipping
Refreshing native plugins compatible for Editor in 8.57 ms, found 3 plugins.
Preloading 0 native plugins for Editor in 0.00 ms.
Unloading 3268 Unused Serialized files (Serialized files now loaded: 0)
Unloading 18 unused Assets / (152.4 KB). Loaded Objects now: 3907.
Memory consumption went from 125.4 MB to 125.2 MB.
Total: 10.204000 ms (FindLiveObjects: 0.728400 ms CreateObjectMapping: 0.662600 ms MarkObjects: 8.120400 ms  DeleteObjects: 0.684700 ms)

AssetImportParameters requested are different than current active one (requested -> active):
  custom:video-decoder-ogg-theora: a1e56fd34408186e4bbccfd4996cb3dc -> 
  custom:container-muxer-webm: aa71ff27fc2769a1b78a27578f13a17b -> 
  custom:container-demuxer-webm: 4f35f7cbe854078d1ac9338744f61a02 -> 
  custom:video-encoder-webm-vp8: eb34c28f22e8b96e1ab97ce403110664 -> 
  custom:audio-encoder-webm-vorbis: bf7c407c2cedff20999df2af8eb42d56 -> 
  custom:framework-win-MediaFoundation: 216162199b28c13a410421893ffa2e32 -> 
  custom:container-demuxer-ogg: 62fdf1f143b41e24485cea50d1cbac27 -> 
  custom:video-decoder-webm-vp8: 9c59270c3fd7afecdb556c50c9e8de78 -> 
  custom:audio-decoder-ogg-vorbis: bf7c407c2cedff20999df2af8eb42d56 -> 
========================================================================
Received Import Request.
  Time since last request: 113.467093 seconds.
  path: Assets/Scenes/PhishingAmbientazione.unity
  artifactKey: Guid(6e382155db9c26a4bad75509e1c9c145) Importer(815301076,1909f56bfc062723c751e8b465ee728b)
Start importing Assets/Scenes/PhishingAmbientazione.unity using Guid(6e382155db9c26a4bad75509e1c9c145) Importer(815301076,1909f56bfc062723c751e8b465ee728b)  -> (artifact id: 'b0f8f0129bffef7a2dd4b366e7ece750') in 0.038458 seconds 
========================================================================
Received Prepare
Registering precompiled user dll's ...
Registered in 0.007703 seconds.
Begin MonoManager ReloadAssembly
Symbol file LoadedFromMemory doesn't match image C:\Users\franc\cyber-quest\Cyber Quest\Library\PackageCache\com.unity.visualscripting@1.8.0\Editor\VisualScripting.Core\Dependencies\YamlDotNet\Unity.VisualScripting.YamlDotNet.dll
Symbol file LoadedFromMemory doesn't match image C:\Users\franc\cyber-quest\Cyber Quest\Library\PackageCache\com.unity.visualscripting@1.8.0\Editor\VisualScripting.Core\Dependencies\DotNetZip\Unity.VisualScripting.IonicZip.dll
Native extension for WindowsStandalone target not found
Refreshing native plugins compatible for Editor in 0.73 ms, found 3 plugins.
Preloading 0 native plugins for Editor in 0.00 ms.
Mono: successfully reloaded assembly
- Completed reload, in  1.269 seconds
Domain Reload Profiling:
	ReloadAssembly (1269ms)
		BeginReloadAssembly (191ms)
			ExecutionOrderSort (0ms)
			DisableScriptedObjects (8ms)
			BackupInstance (0ms)
			ReleaseScriptingObjects (0ms)
			CreateAndSetChildDomain (46ms)
		EndReloadAssembly (937ms)
			LoadAssemblies (121ms)
			RebuildTransferFunctionScriptingTraits (0ms)
			SetupTypeCache (339ms)
			ReleaseScriptCaches (2ms)
			RebuildScriptCaches (57ms)
			SetupLoadedEditorAssemblies (402ms)
				LogAssemblyErrors (0ms)
				InitializePlatformSupportModulesInManaged (6ms)
				SetLoadedEditorAssemblies (1ms)
				RefreshPlugins (1ms)
				BeforeProcessingInitializeOnLoad (77ms)
				ProcessInitializeOnLoadAttributes (280ms)
				ProcessInitializeOnLoadMethodAttributes (26ms)
				AfterProcessingInitializeOnLoad (12ms)
				EditorAssembliesLoaded (0ms)
			ExecutionOrderSort2 (0ms)
			AwakeInstancesAfterBackupRestoration (9ms)
Platform modules already initialized, skipping
Refreshing native plugins compatible for Editor in 1.97 ms, found 3 plugins.
Preloading 0 native plugins for Editor in 0.00 ms.
Unloading 3268 Unused Serialized files (Serialized files now loaded: 0)
Unloading 18 unused Assets / (152.4 KB). Loaded Objects now: 3922.
Memory consumption went from 125.4 MB to 125.2 MB.
Total: 2.968700 ms (FindLiveObjects: 0.285200 ms CreateObjectMapping: 0.106400 ms MarkObjects: 2.393100 ms  DeleteObjects: 0.182000 ms)

AssetImportParameters requested are different than current active one (requested -> active):
  custom:video-decoder-ogg-theora: a1e56fd34408186e4bbccfd4996cb3dc -> 
  custom:container-muxer-webm: aa71ff27fc2769a1b78a27578f13a17b -> 
  custom:container-demuxer-webm: 4f35f7cbe854078d1ac9338744f61a02 -> 
  custom:video-encoder-webm-vp8: eb34c28f22e8b96e1ab97ce403110664 -> 
  custom:audio-encoder-webm-vorbis: bf7c407c2cedff20999df2af8eb42d56 -> 
  custom:framework-win-MediaFoundation: 216162199b28c13a410421893ffa2e32 -> 
  custom:container-demuxer-ogg: 62fdf1f143b41e24485cea50d1cbac27 -> 
  custom:video-decoder-webm-vp8: 9c59270c3fd7afecdb556c50c9e8de78 -> 
  custom:audio-decoder-ogg-vorbis: bf7c407c2cedff20999df2af8eb42d56 -> 
